Build started 2015-07-15 18:37:54.
     1>Project "C:\Users\Jonathan\Documents\Visual Studio 2013\Projects\bart_sdl_games-e15\Frogger\Frogger.vcxproj" on node 2 (Build target(s)).
     1>ClCompile:
         C:\Program Files (x86)\Microsoft Visual Studio 12.0\VC\bin\CL.exe /c /ZI /nologo /W3 /WX- /sdl /Od /Oy- /D _MBCS /Gm /EHsc /RTC1 /MDd /GS /fp:precise /Zc:wchar_t /Zc:forScope /Fo"Debug\\" /Fd"Debug\vc120.pdb" /Gd /TP /analyze- /errorReport:prompt Car.cpp Frog.cpp Game.cpp Obstacle.cpp Source.cpp
         Source.cpp
     1>c:\users\jonathan\documents\visual studio 2013\projects\bart-sdl-engine-e15\src\engine\sprite.h(19): warning C4244: '=' : conversion from 'float' to 'int', possible loss of data
         Obstacle.cpp
     1>c:\users\jonathan\documents\visual studio 2013\projects\bart-sdl-engine-e15\src\engine\sprite.h(19): warning C4244: '=' : conversion from 'float' to 'int', possible loss of data
         Game.cpp
     1>c:\users\jonathan\documents\visual studio 2013\projects\bart-sdl-engine-e15\src\engine\sprite.h(19): warning C4244: '=' : conversion from 'float' to 'int', possible loss of data
         Frog.cpp
     1>c:\users\jonathan\documents\visual studio 2013\projects\bart-sdl-engine-e15\src\engine\sprite.h(19): warning C4244: '=' : conversion from 'float' to 'int', possible loss of data
     1>c:\users\jonathan\documents\visual studio 2013\projects\bart_sdl_games-e15\frogger\frog.cpp(20): warning C4244: '=' : conversion from 'float' to 'int', possible loss of data
         Car.cpp
     1>c:\users\jonathan\documents\visual studio 2013\projects\bart-sdl-engine-e15\src\engine\sprite.h(19): warning C4244: '=' : conversion from 'float' to 'int', possible loss of data
         Generating Code...
       Link:
         C:\Program Files (x86)\Microsoft Visual Studio 12.0\VC\bin\link.exe /ERRORREPORT:PROMPT /OUT:"C:\Users\Jonathan\Documents\Visual Studio 2013\Projects\bart_sdl_games-e15\Debug\Frogger.exe" /INCREMENTAL /NOLOGO SDL2.lib SDL2main.lib SDL2_image.lib kernel32.lib user32.lib gdi32.lib winspool.lib comdlg32.lib advapi32.lib shell32.lib ole32.lib oleaut32.lib uuid.lib odbc32.lib odbccp32.lib /MANIFEST /MANIFESTUAC:"level='asInvoker' uiAccess='false'" /manifest:embed /DEBUG /PDB:"C:\Users\Jonathan\Documents\Visual Studio 2013\Projects\bart_sdl_games-e15\Debug\Frogger.pdb" /SUBSYSTEM:WINDOWS /TLBID:1 /DYNAMICBASE /NXCOMPAT /IMPLIB:"C:\Users\Jonathan\Documents\Visual Studio 2013\Projects\bart_sdl_games-e15\Debug\Frogger.lib" /MACHINE:X86 Debug\Car.obj
         Debug\Frog.obj
         Debug\Game.obj
         Debug\Obstacle.obj
         Debug\Source.obj
         "C:\Users\Jonathan\Documents\Visual Studio 2013\Projects\bart_sdl_games-e15\Debug\Engine.lib"
     1>MSVCRTD.lib(cinitexe.obj) : warning LNK4098: defaultlib 'msvcrt.lib' conflicts with use of other libs; use /NODEFAULTLIB:library
         Frogger.vcxproj -> C:\Users\Jonathan\Documents\Visual Studio 2013\Projects\bart_sdl_games-e15\Debug\Frogger.exe
     1>Done Building Project "C:\Users\Jonathan\Documents\Visual Studio 2013\Projects\bart_sdl_games-e15\Frogger\Frogger.vcxproj" (Build target(s)).

Build succeeded.

Time Elapsed 00:00:02.50
